Studio project/Games/spell_Me/build/outputs/mapping/release/seeds.txt
com.example.spellme.GridItem
com.example.spellme.GridItem: int ICON_OFFSET
com.example.spellme.GridItem: android.graphics.drawable.StateListDrawable mIcon
com.example.spellme.GridItem: java.lang.String mLabel
com.example.spellme.GridItem: java.lang.Object mObject
com.example.spellme.GridItem: GridItem()
com.example.spellme.GridItem: android.graphics.drawable.Drawable getIcon()
com.example.spellme.GridItem: void setIcon(android.graphics.drawable.Drawable)
com.example.spellme.GridItem: java.lang.String getLabel()
com.example.spellme.GridItem: void setLabel(java.lang.String)
com.example.spellme.GridItem: java.lang.Object getObject()
com.example.spellme.GridItem: void setObject(java.lang.Object)
com.example.spellme.R$anim: int abc_fade_in
com.example.spellme.R$anim: int abc_fade_out
com.example.spellme.R$anim: int abc_grow_fade_in_from_bottom
com.example.spellme.R$anim: int abc_popup_enter
com.example.spellme.R$anim: int abc_popup_exit
com.example.spellme.R$anim: int abc_shrink_fade_out_from_bottom
com.example.spellme.R$anim: int abc_slide_in_bottom
com.example.spellme.R$anim: int abc_slide_in_top
com.example.spellme.R$anim: int abc_slide_out_bottom
com.example.spellme.R$anim: int abc_slide_out_top
com.example.spellme.R$anim: int fadein
com.example.spellme.R$anim: int transition10
com.example.spellme.R$anim: int transition4
com.example.spellme.R$anim: int transition5
com.example.spellme.R$anim: int transition7
com.example.spellme.R$anim: int transition8
com.example.spellme.R$anim: int transition9
com.example.spellme.R$attr: int actionBarDivider
com.example.spellme.R$attr: int actionBarItemBackground
com.example.spellme.R$attr: int actionBarPopupTheme
com.example.spellme.R$attr: int actionBarSize
com.example.spellme.R$attr: int actionBarSplitStyle
com.example.spellme.R$attr: int actionBarStyle
com.example.spellme.R$attr: int actionBarTabBarStyle
com.example.spellme.R$attr: int actionBarTabStyle
com.example.spellme.R$attr: int actionBarTabTextStyle
com.example.spellme.R$attr: int actionBarTheme
com.example.spellme.R$attr: int actionBarWidgetTheme
com.example.spellme.R$attr: int actionButtonStyle
com.example.spellme.R$attr: int actionDropDownStyle
com.example.spellme.R$attr: int actionLayout
com.example.spellme.R$attr: int actionMenuTextAppearance
com.example.spellme.R$attr: int actionMenuTextColor
com.example.spellme.R$attr: int actionModeBackground
com.example.spellme.R$attr: int actionModeCloseButtonStyle
com.example.spellme.R$attr: int actionModeCloseDrawable
com.example.spellme.R$attr: int actionModeCopyDrawable
com.example.spellme.R$attr: int actionModeCutDrawable
com.example.spellme.R$attr: int actionModeFindDrawable
com.example.spellme.R$attr: int actionModePasteDrawable
com.example.spellme.R$attr: int actionModePopupWindowStyle
com.example.spellme.R$attr: int actionModeSelectAllDrawable
com.example.spellme.R$attr: int actionModeShareDrawable
com.example.spellme.R$attr: int actionModeSplitBackground
com.example.spellme.R$attr: int actionModeStyle
com.example.spellme.R$bool: int abc_action_bar_embed_tabs
com.example.spellme.R$bool: int abc_allow_stacked_button_bar
com.example.spellme.R$bool: int abc_config_actionMenuItemAllCaps
com.example.spellme.R$bool: int abc_config_closeDialogWhenTouchOutside
com.example.spellme.R$bool: int abc_config_showMenuShortcutsWhenKeyboardPresent
...
android.support.v7.widget.AppCompatAutoCompleteTextView: AppCompatAutoCompleteTextView(android.content.Context)
android.support.v7.widget.AppCompatAutoCompleteTextView: AppCompatAutoCompleteTextView(android.content.Context,android.util.AttributeSet)
android.support.v7.widget.AppCompatAutoCompleteTextView: AppCompatAutoCompleteTextView(android.content.Context,android.util.AttributeSet,int)
android.support.v7.widget.AppCompatAutoCompleteTextView: void setDropDownBackgroundResource(int)
android.support.v7.widget.AppCompatAutoCompleteTextView: void setBackgroundResource(int)
android.support.v7.widget.AppCompatAutoCompleteTextView: void setBackgroundDrawable(android.graphics.drawable.Drawable)
android.support.v7.widget.AppCompatAutoCompleteTextView: void setSupportBackgroundTintList(android.content.res.ColorStateList)
android.support.v7.widget.AppCompatAutoCompleteTextView: android.content.res.ColorStateList getSupportBackgroundTintList()
android.support.v7.widget.AppCompatAutoCompleteTextView: void setSupportBackgroundTintMode(android.graphics.PorterDuff$Mode)
android.support.v7.widget.AppCompatAutoCompleteTextView: android.graphics.PorterDuff$Mode getSupportBackgroundTintMode()
android.support.v7.widget.AppCompatButton: void setBackgroundResource(int)
android.support.v7.widget.AppCompatButton: void setBackgroundDrawable(android.graphics.drawable.Drawable)
android.support.v7.widget.AppCompatButton: void setSupportBackgroundTintList(android.content.res.ColorStateList)
android.support.v7.widget.AppCompatButton: android.content.res.ColorStateList getSupportBackgroundTintList()
android.support.v7.widget.AppCompatButton: void setSupportBackgroundTintMode(android.graphics.PorterDuff$Mode)
android.support.v7.widget.AppCompatButton: android.graphics.PorterDuff$Mode getSupportBackgroundTintMode()
android.support.v7.widget.AppCompatButton: void setSupportAllCaps(boolean)
android.support.v7.widget.AppCompatCheckBox: void setButtonDrawable(android.graphics.drawable.Drawable)
android.support.v7.widget.AppCompatCheckBox: void setButtonDrawable(int)
android.support.v7.widget.AppCompatCheckBox: int getCompoundPaddingLeft()
android.support.v7.widget.AppCompatCheckBox: void setSupportButtonTintList(android.content.res.ColorStateList)
android.support.v7.widget.AppCompatCheckBox: android.content.res.ColorStateList getSupportButtonTintList()
android.support.v7.widget.AppCompatCheckBox: void setSupportButtonTintMode(android.graphics.PorterDuff$Mode)
android.support.v7.widget.AppCompatCheckBox: android.graphics.PorterDuff$Mode getSupportButtonTintMode()
android.support.v7.widget.AppCompatCheckedTextView: void setCheckMarkDrawable(int)
android.support.v7.widget.AppCompatEditText: void setBackgroundResource(int)
android.support.v7.widget.AppCompatEditText: void setBackgroundDrawable(android.graphics.drawable.Drawable)
android.support.v7.widget.AppCompatEditText: void setSupportBackgroundTintList(android.content.res.ColorStateList)
android.support.v7.widget.AppCompatEditText: android.content.res.ColorStateList getSupportBackgroundTintList()
android.support.v7.widget.AppCompatEditText: void setSupportBackgroundTintMode(android.graphics.PorterDuff$Mode)
android.support.v7.widget.AppCompatEditText: android.graphics.PorterDuff$Mode getSupportBackgroundTintMode()