Studio project/Games/spell_Me/build/outputs/mapping/release/mapping.txt
com.example.spellme.GridItem -> com.example.spellme.GridItem:
    int ICON_OFFSET -> ICON_OFFSET
    android.graphics.drawable.StateListDrawable mIcon -> mIcon
    java.lang.String mLabel -> mLabel
    java.lang.Object mObject -> mObject
    void <init>() -> <init>
    android.graphics.drawable.Drawable getIcon() -> getIcon
    void setIcon(android.graphics.drawable.Drawable) -> setIcon
    java.lang.String getLabel() -> getLabel
    void setLabel(java.lang.String) -> setLabel
    java.lang.Object getObject() -> getObject
    void setObject(java.lang.Object) -> setObject
com.example.spellme.S0 -> com.example.spellme.S0:
    void <init>() -> <init>
    void onStateEntry(android.widget.LinearLayout,android.content.Intent,android.content.Context,xware.engine_lib.sound.HeadPhone) -> onStateEntry
    android.content.Intent loopBack(android.content.Context,android.content.Intent,xware.engine_lib.sound.HeadPhone) -> loopBack
    void onStateExit(android.content.Context,android.content.Intent,xware.engine_lib.sound.HeadPhone) -> onStateExit
com.example.spellme.S1 -> com.example.spellme.S1:
    java.lang.String[] words1 -> words1
    java.lang.String[] words2 -> words2
    java.lang.String[] words3 -> words3
    int wordnum -> wordnum
    void <init>() -> <init>
    void onStateEntry(android.widget.LinearLayout,android.content.Intent,android.content.Context,xware.engine_lib.sound.HeadPhone) -> onStateEntry
    android.content.Intent loopBack(android.content.Context,android.content.Intent,xware.engine_lib.sound.HeadPhone) -> loopBack
    void onStateExit(android.content.Context,android.content.Intent,xware.engine_lib.sound.HeadPhone) -> onStateExit
com.example.spellme.S2 -> com.example.spellme.S2:
    xware.engine_lib.sound.HeadPhone pre -> pre
    java.util.Timer timer -> timer
    android.graphics.drawable.shapes.OvalShape timeoOv -> timeoOv
    android.graphics.drawable.ShapeDrawable timeBg -> timeBg
    int time -> time
    android.widget.TextView showTime -> showTime
    android.widget.GridLayout letters -> letters
    android.widget.TextView speechWord -> speechWord
    char[] myWord -> myWord
    android.widget.LinearLayout layout -> layout
    java.lang.String workingWord -> workingWord
    java.lang.String word -> word
    android.widget.ScrollView scroll -> scroll
    android.widget.LinearLayout layout2 -> layout2
    android.widget.LinearLayout layout3 -> layout3
    xware.engine_lib.sound.HeadPhone Hc -> Hc
    android.speech.SpeechRecognizer sr -> sr
    char[] arr -> arr
    java.lang.StringBuilder str -> str
    android.widget.TextView[] btn -> btn
    android.widget.TextView[] btn2 -> btn2
    boolean flag -> flag
    int successNum -> successNum
    android.content.Context context -> context
    void <init>() -> <init>
    void onStateEntry(android.widget.LinearLayout,android.content.Intent,android.content.Context,xware.engine_lib.sound.HeadPhone) -> onStateEntry
    android.content.Intent loopBack(android.content.Context,android.content.Intent,xware.engine_lib.sound.HeadPhone) -> loopBack
com.example.spellme.S2$1 -> com.example.spellme.a:
    android.content.Intent val$I -> a
    int val$index -> b
    com.example.spellme.S2 this$0 -> c
    void <init>(com.example.spellme.S2,android.content.Intent,int) -> <init>
    void onClick(android.view.View) -> onClick
com.example.spellme.S2$RemindTask -> com.example.spellme.b:
    android.content.Intent I -> a
    com.example.spellme.S2 this$0 -> b
    void <init>(com.example.spellme.S2,android.content.Intent) -> <init>
    void run() -> run
com.example.spellme.S2$RemindTask$1 -> com.example.spellme.c:
    int val$gameTime -> a
    com.example.spellme.S2$RemindTask this$1 -> b
    void <init>(com.example.spellme.S2$RemindTask,int) -> <init>
    void run() -> run
...
android.support.v4.view.ViewPropertyAnimatorCompat -> android.support.v4.f.bv:
    java.lang.ref.WeakReference mView -> b
    java.lang.Runnable mStartAction -> c
    java.lang.Runnable mEndAction -> d
    int mOldLayerType -> e
    android.support.v4.view.ViewPropertyAnimatorCompat$ViewPropertyAnimatorCompatImpl IMPL -> a
    void <init>(android.view.View) -> <init>
    android.support.v4.view.ViewPropertyAnimatorCompat translationY(float) -> a
    void cancel() -> a
    android.support.v4.view.ViewPropertyAnimatorCompat setListener(android.support.v4.view.ViewPropertyAnimatorListener) -> a
    java.lang.Runnable access$002$1d924e4e(android.support.v4.view.ViewPropertyAnimatorCompat) -> a
    java.lang.Runnable access$102$1d924e4e(android.support.v4.view.ViewPropertyAnimatorCompat) -> b
    java.lang.Runnable access$100(android.support.v4.view.ViewPropertyAnimatorCompat) -> c
    java.lang.Runnable access$000(android.support.v4.view.ViewPropertyAnimatorCompat) -> d
    int access$402$3efd0312(android.support.v4.view.ViewPropertyAnimatorCompat) -> e
    int access$400(android.support.v4.view.ViewPropertyAnimatorCompat) -> f
    void <clinit>() -> <clinit>
android.support.v4.view.ViewPropertyAnimatorCompat$BaseViewPropertyAnimatorCompatImpl -> android.support.v4.f.bw:
    java.util.WeakHashMap mStarterMap -> a
    void <init>() -> <init>
    void translationY(android.support.v4.view.ViewPropertyAnimatorCompat,android.view.View,float) -> a
    void cancel(android.support.v4.view.ViewPropertyAnimatorCompat,android.view.View) -> a
    void setListener(android.support.v4.view.ViewPropertyAnimatorCompat,android.view.View,android.support.v4.view.ViewPropertyAnimatorListener) -> a
    void postStartMessage(android.support.v4.view.ViewPropertyAnimatorCompat,android.view.View) -> b
android.support.v4.view.ViewPropertyAnimatorCompat$BaseViewPropertyAnimatorCompatImpl$Starter -> android.support.v4.f.bx:
    java.lang.ref.WeakReference mViewRef -> a
    android.support.v4.view.ViewPropertyAnimatorCompat mVpa -> b
    android.support.v4.view.ViewPropertyAnimatorCompat$BaseViewPropertyAnimatorCompatImpl this$0 -> c
    void <init>(android.support.v4.view.ViewPropertyAnimatorCompat$BaseViewPropertyAnimatorCompatImpl,android.support.v4.view.ViewPropertyAnimatorCompat,android.view.View) -> <init>
    void run() -> run
    void <init>(android.support.v4.view.ViewPropertyAnimatorCompat$BaseViewPropertyAnimatorCompatImpl,android.support.v4.view.ViewPropertyAnimatorCompat,android.view.View,byte) -> <init>
android.support.v4.view.ViewPropertyAnimatorCompat$ICSViewPropertyAnimatorCompatImpl -> android.support.v4.f.by:
    java.util.WeakHashMap mLayerMap -> b
    void <init>() -> <init>
    void translationY(android.support.v4.view.ViewPropertyAnimatorCompat,android.view.View,float) -> a
    void cancel(android.support.v4.view.ViewPropertyAnimatorCompat,android.view.View) -> a
    void setListener(android.support.v4.view.ViewPropertyAnimatorCompat,android.view.View,android.support.v4.view.ViewPropertyAnimatorListener) -> a
android.support.v4.view.ViewPropertyAnimatorCompat$ICSViewPropertyAnimatorCompatImpl$MyVpaListener -> android.support.v4.f.bz:
    android.support.v4.view.ViewPropertyAnimatorCompat mVpa -> a
    boolean mAnimEndCalled -> b
    void <init>(android.support.v4.view.ViewPropertyAnimatorCompat) -> <init>
    void onAnimationStart(android.view.View) -> a
    void onAnimationEnd(android.view.View) -> b
    void onAnimationCancel(android.view.View) -> c
android.support.v4.view.ViewPropertyAnimatorCompat$JBMr2ViewPropertyAnimatorCompatImpl -> android.support.v4.f.ca:
    void <init>() -> <init>
android.support.v4.view.ViewPropertyAnimatorCompat$JBViewPropertyAnimatorCompatImpl -> android.support.v4.f.cb:
    void <init>() -> <init>
    void setListener(android.support.v4.view.ViewPropertyAnimatorCompat,android.view.View,android.support.v4.view.ViewPropertyAnimatorListener) -> a