Studio project/Games/spell_Me/build/outputs/mapping/release/usage.txt
com.example.spellme.BuildConfig
com.example.spellme.R
com.example.spellme.R$anim
com.example.spellme.R$attr
com.example.spellme.R$bool
com.example.spellme.R$color
com.example.spellme.R$dimen
com.example.spellme.R$drawable
com.example.spellme.R$id
com.example.spellme.R$integer
com.example.spellme.R$layout
com.example.spellme.R$menu
com.example.spellme.R$string
com.example.spellme.R$style
com.example.spellme.R$styleable
...
android.support.v4.content.IntentCompat$IntentCompatImpl
android.support.v4.content.IntentCompat$IntentCompatImplBase
android.support.v4.content.IntentCompat$IntentCompatImplHC
android.support.v4.content.IntentCompat$IntentCompatImplIcsMr1
android.support.v4.content.IntentCompatHoneycomb
android.support.v4.content.IntentCompatIcsMr1
android.support.v4.content.Loader
android.support.v4.content.Loader$ForceLoadContentObserver
android.support.v4.content.Loader$OnLoadCanceledListener
android.support.v4.content.Loader$OnLoadCompleteListener
android.support.v4.content.LocalBroadcastManager
android.support.v4.content.LocalBroadcastManager$1
android.support.v4.content.LocalBroadcastManager$BroadcastRecord
android.support.v4.content.LocalBroadcastManager$ReceiverRecord
android.support.v4.content.ModernAsyncTask
android.support.v4.content.ModernAsyncTask$1
android.support.v4.content.ModernAsyncTask$2
android.support.v4.content.ModernAsyncTask$3
android.support.v4.content.ModernAsyncTask$4
android.support.v4.content.ModernAsyncTask$AsyncTaskResult
android.support.v4.content.ModernAsyncTask$InternalHandler
android.support.v4.content.ModernAsyncTask$Status
android.support.v4.content.ModernAsyncTask$WorkerRunnable
android.support.v4.content.ParallelExecutorCompat
android.support.v4.content.PermissionChecker
android.support.v4.content.PermissionChecker$PermissionResult
android.support.v4.content.SharedPreferencesCompat
android.support.v4.content.SharedPreferencesCompat$1
android.support.v4.content.SharedPreferencesCompat$EditorCompat
android.support.v4.content.SharedPreferencesCompat$EditorCompat$Helper
android.support.v4.content.WakefulBroadcastReceiver
android.support.v4.content.pm.ActivityInfoCompat
android.support.v4.content.res.ConfigurationHelper:
    42:42:private ConfigurationHelper()
    134:134:public static int getDensityDpi(android.content.res.Resources)
android.support.v4.content.res.ConfigurationHelper$ConfigurationHelperImpl:
    public abstract int getDensityDpi(android.content.res.Resources)
android.support.v4.content.res.ConfigurationHelper$GingerbreadImpl:
    69:69:public int getDensityDpi(android.content.res.Resources)
android.support.v4.content.res.ConfigurationHelper$JellybeanMr1Impl:
    93:93:public int getDensityDpi(android.content.res.Resources)
android.support.v4.content.res.ConfigurationHelperGingerbread:
    24:24:ConfigurationHelperGingerbread()
    42:42:static int getDensityDpi(android.content.res.Resources)
android.support.v4.content.res.ConfigurationHelperHoneycombMr2:
    23:23:ConfigurationHelperHoneycombMr2()
android.support.v4.content.res.ConfigurationHelperJellybeanMr1
android.support.v4.content.res.ResourcesCompat:
    92:97:public static android.graphics.drawable.Drawable getDrawableForDensity(android.content.res.Resources,int,int,android.content.res.Resources$Theme)
    122:125:public static int getColor(android.content.res.Resources,int,android.content.res.Resources$Theme)
    152:155:public static android.content.res.ColorStateList getColorStateList(android.content.res.Resources,int,android.content.res.Resources$Theme)
    159:159:private ResourcesCompat()
android.support.v4.content.res.ResourcesCompatApi21:
    24:24:ResourcesCompatApi21()
    32:32:public static android.graphics.drawable.Drawable getDrawableForDensity(android.content.res.Resources,int,int,android.content.res.Resources$Theme)
android.support.v4.content.res.ResourcesCompatApi23
android.support.v4.content.res.ResourcesCompatIcsMr1
android.support.v4.content.res.TypedArrayUtils
android.support.v4.database.DatabaseUtilsCompat
android.support.v4.graphics.BitmapCompat
android.support.v4.graphics.BitmapCompat$BaseBitmapImpl
android.support.v4.graphics.BitmapCompat$BitmapImpl
android.support.v4.graphics.BitmapCompat$HcMr1BitmapCompatImpl
android.support.v4.graphics.BitmapCompat$JbMr2BitmapCompatImpl
android.support.v4.graphics.BitmapCompat$KitKatBitmapCompatImpl
android.support.v4.graphics.BitmapCompatHoneycombMr1